+-------------------+------------------------------------------------------------------------------------+
| Applications Open | Command Prompt - python  activity_monitor.py                                       |
+-------------------+------------------------------------------------------------------------------------+
| Keyboard Strokes  | 0                                                                                  |
| Mouse Clicks      | 0                                                                                  |
| Timestamp         | 2019-12-17 16:26:22.689600                                                         |
| Files Open        | C:\Users\ASUS\Desktop\ActivityMonitor\venv\src\ActivityMonitor\activity_monitor.py |
+-------------------+------------------------------------------------------------------------------------+
+-------------------+------------------------------------------------------------------------------------+
| Applications Open | Select Command Prompt - python  activity_monitor.py                                |
+-------------------+------------------------------------------------------------------------------------+
| Keyboard Strokes  | 0                                                                                  |
| Mouse Clicks      | 2                                                                                  |
| Timestamp         | 2019-12-17 16:26:28.141414                                                         |
| Files Open        | C:\Users\ASUS\Desktop\ActivityMonitor\venv\src\ActivityMonitor\activity_monitor.py |
+-------------------+------------------------------------------------------------------------------------+
+-------------------+--------------------------------------------------------------------------------+
| Applications Open | pywinauto.application module — pywinauto 0.6.8 documentation - Mozilla Firefox |
+-------------------+--------------------------------------------------------------------------------+
| Keyboard Strokes  | 0                                                                              |
| Mouse Clicks      | 2                                                                              |
| Timestamp         | 2019-12-17 16:26:34.046288                                                     |
| Files Open        | None                                                                           |
+-------------------+--------------------------------------------------------------------------------+
+-------------------+--------------------------------------------------------------------------------+
| Applications Open | pywinauto.application module — pywinauto 0.6.8 documentation - Mozilla Firefox |
+-------------------+--------------------------------------------------------------------------------+
| Keyboard Strokes  | 0                                                                              |
| Mouse Clicks      | 0                                                                              |
| Timestamp         | 2019-12-17 16:26:39.091979                                                     |
| Files Open        | None                                                                           |
+-------------------+--------------------------------------------------------------------------------+
+-------------------+--------------------------------------------------------------------------------+
| Applications Open | pywinauto.application module — pywinauto 0.6.8 documentation - Mozilla Firefox |
+-------------------+--------------------------------------------------------------------------------+
| Keyboard Strokes  | 0                                                                              |
| Mouse Clicks      | 0                                                                              |
| Timestamp         | 2019-12-17 16:26:44.106461                                                     |
| Files Open        | None                                                                           |
+-------------------+--------------------------------------------------------------------------------+
+-------------------+------------------------------------------------------------------------------------+
| Applications Open | Command Prompt - python  activity_monitor.py                                       |
+-------------------+------------------------------------------------------------------------------------+
| Keyboard Strokes  | 0                                                                                  |
| Mouse Clicks      | 2                                                                                  |
| Timestamp         | 2019-12-17 16:26:49.120881                                                         |
| Files Open        | C:\Users\ASUS\Desktop\ActivityMonitor\venv\src\ActivityMonitor\activity_monitor.py |
+-------------------+------------------------------------------------------------------------------------+
+-------------------+------------------------------------------------------------------------------------+
| Applications Open | Command Prompt - python  activity_monitor.py                                       |
+-------------------+------------------------------------------------------------------------------------+
| Keyboard Strokes  | 2                                                                                  |
| Mouse Clicks      | 0                                                                                  |
| Timestamp         | 2019-12-17 16:26:54.135331                                                         |
| Files Open        | C:\Users\ASUS\Desktop\ActivityMonitor\venv\src\ActivityMonitor\activity_monitor.py |
+-------------------+------------------------------------------------------------------------------------+
+-------------------+----------------------------+
| Applications Open | Mozilla Firefox            |
+-------------------+----------------------------+
| Keyboard Strokes  | 13                         |
| Mouse Clicks      | 2                          |
| Timestamp         | 2019-12-17 16:26:59.149783 |
| Files Open        | None                       |
+-------------------+----------------------------+
+-------------------+----------------------------+
| Applications Open | Google - Mozilla Firefox   |
+-------------------+----------------------------+
| Keyboard Strokes  | 5                          |
| Mouse Clicks      | 0                          |
| Timestamp         | 2019-12-17 16:27:04.164235 |
| Files Open        | None                       |
+-------------------+----------------------------+
+-------------------+----------------------------------------+
| Applications Open | test - Google Search - Mozilla Firefox |
+-------------------+----------------------------------------+
| Keyboard Strokes  | 1                                      |
| Mouse Clicks      | 0                                      |
| Timestamp         | 2019-12-17 16:27:09.178684             |
| Files Open        | None                                   |
+-------------------+----------------------------------------+
+-------------------+------------------------------------------------------------------------------------+
| Applications Open | Command Prompt - python  activity_monitor.py                                       |
+-------------------+------------------------------------------------------------------------------------+
| Keyboard Strokes  | 0                                                                                  |
| Mouse Clicks      | 2                                                                                  |
| Timestamp         | 2019-12-17 16:27:14.193137                                                         |
| Files Open        | C:\Users\ASUS\Desktop\ActivityMonitor\venv\src\ActivityMonitor\activity_monitor.py |
+-------------------+------------------------------------------------------------------------------------+
